LIST

5 REM --- ASCII-ART MANDELBROT SET ----
10 FOR Y=-12 TO 12
20 FOR X=-39 TO 39
30 CA=X*0.0458
40 CB=Y*0.08333
50 A=CA
60 B=CB
70 FOR I=0 TO 15
80 T=A*A-B*B+CA
90 B=2*A*B+CB
100 A=T
110 IF (A*A+B*B)>4 GOTO 200
120 NEXT I
130 PRINT " ";
140 GOTO 210
200 IF I>9 THEN I=I+7
205 PRINT CHR$(48+I);
210 NEXT X
220 PRINT
230 NEXT Y

Ready
RUN
000000011111111111111111122222233347E7AB322222111100000000000000000000000000000
000001111111111111111122222222333557BF75433222211111000000000000000000000000000
000111111111111111112222222233445C      643332222111110000000000000000000000000
011111111111111111222222233444556C      654433332211111100000000000000000000000
11111111111111112222233346 D978 BCF    DF9 6556F4221111110000000000000000000000
111111111111122223333334469                 D   6322111111000000000000000000000
1111111111222333333334457DB                    85332111111100000000000000000000
11111122234B744444455556A                      96532211111110000000000000000000
122222233347BAA7AB776679                         A32211111110000000000000000000
2222233334567        9A                         A532221111111000000000000000000
222333346679                                    9432221111111000000000000000000
234445568  F                                   B5432221111111000000000000000000
                                              864332221111111000000000000000000
234445568  F                                   B5432221111111000000000000000000
222333346679                                    9432221111111000000000000000000
2222233334567        9A                         A532221111111000000000000000000
122222233347BAA7AB776679                         A32211111110000000000000000000
11111122234B744444455556A                      96532211111110000000000000000000
1111111111222333333334457DB                    85332111111100000000000000000000
111111111111122223333334469                 D   6322111111000000000000000000000
11111111111111112222233346 D978 BCF    DF9 6556F4221111110000000000000000000000
011111111111111111222222233444556C      654433332211111100000000000000000000000
000111111111111111112222222233445C      643332222111110000000000000000000000000
000001111111111111111122222222333557BF75433222211111000000000000000000000000000
000000011111111111111111122222233347E7AB322222111100000000000000000000000000000

Ready
